<?xml version="1.0" encoding="UTF-8"?>
<!-- Generated by org.testng.reporters.JUnitXMLReporter -->
<testsuite ignored="3" hostname="Amal94" failures="0" tests="2" name="Default test" time="2.696" errors="0" timestamp="2024-06-11T00:40:32 EET">
  <testcase classname="myTestCas" name="loginTest" time="0.656"/>
  <testcase classname="myTestCas" name="findAllElementsThatHasTheTextLab" time="0.622"/>
  <testcase classname="myTestCas" name="findAllElementsThatItsPriceIsGreaterThan$15" time="0.0">
    <ignored/>
  </testcase> <!-- findAllElementsThatItsPriceIsGreaterThan$15 -->
  <testcase classname="myTestCas" name="addAllItems" time="0.0">
    <ignored/>
  </testcase> <!-- addAllItems -->
  <testcase classname="myTestCas" name="addOneItemAndSkipTheNextOne" time="0.0">
    <ignored/>
  </testcase> <!-- addOneItemAndSkipTheNextOne -->
</testsuite> <!-- Default test -->
