<?xml version="1.0" encoding="UTF-8"?>
<testng-results ignored="3" total="5" passed="2" failed="0" skipped="0">
  <reporter-output>
  </reporter-output>
  <suite started-at="2024-06-11T00:40:29 EET" name="Default suite" finished-at="2024-06-11T00:40:32 EET" duration-ms="2696">
    <groups>
    </groups>
    <test started-at="2024-06-11T00:40:29 EET" name="Default test" finished-at="2024-06-11T00:40:32 EET" duration-ms="2696">
      <class name="myTestCas">
        <test-method is-config="true" signature="mySetup()[pri:0, instance:myTestCas@10b9db7b]" started-at="2024-06-11T00:40:29 EET" name="mySetup" finished-at="2024-06-11T00:40:30 EET" duration-ms="1238" status="PASS">
          <reporter-output>
          </reporter-output>
        </test-method> <!-- mySetup -->
        <test-method signature="loginTest()[pri:1, instance:myTestCas@10b9db7b]" started-at="2024-06-11T00:40:31 EET" name="loginTest" finished-at="2024-06-11T00:40:31 EET" duration-ms="656" status="PASS">
          <reporter-output>
          </reporter-output>
        </test-method> <!-- loginTest -->
        <test-method signature="findAllElementsThatHasTheTextLab()[pri:4, instance:myTestCas@10b9db7b]" started-at="2024-06-11T00:40:31 EET" name="findAllElementsThatHasTheTextLab" finished-at="2024-06-11T00:40:32 EET" duration-ms="622" status="PASS">
          <reporter-output>
          </reporter-output>
        </test-method> <!-- findAllElementsThatHasTheTextLab -->
      </class> <!-- myTestCas -->
    </test> <!-- Default test -->
  </suite> <!-- Default suite -->
</testng-results>
